SF:lib\database\converters.dart
DA:8,0
DA:9,0
DA:10,0
DA:15,0
DA:16,0
DA:17,0
DA:18,0
DA:19,0
DA:20,0
DA:21,0
DA:22,0
DA:23,0
DA:25,0
DA:27,0
DA:32,0
DA:33,0
DA:35,0
DA:36,0
DA:37,0
DA:38,0
DA:43,0
DA:44,0
DA:45,0
DA:50,0
DA:51,0
DA:52,0
DA:53,0
DA:54,0
DA:55,0
DA:56,0
DA:57,0
DA:59,0
DA:64,0
DA:65,0
DA:67,0
DA:68,0
DA:69,0
DA:73,0
DA:75,0
DA:77,0
DA:79,0
LF:41
LH:0
BRDA:8,0,0,0
BRDA:15,0,0,0
BRDA:18,0,0,0
BRDA:32,0,0,0
BRDA:43,0,0,0
BRDA:50,0,0,0
BRDA:53,0,0,0
BRDA:64,0,0,0
BRDA:73,0,0,0
end_of_record
SF:lib\database\database.g.dart
DA:24,0
DA:25,0
DA:30,1
DA:31,1
DA:35,1
DA:43,0
DA:45,0
DA:49,0
DA:51,0
DA:55,1
DA:57,1
DA:58,0
DA:60,1
DA:61,2
DA:63,1
DA:64,1
DA:71,1
DA:72,2
DA:83,1
DA:88,1
DA:90,1
DA:91,1
DA:92,0
DA:94,1
DA:95,0
DA:97,0
DA:98,0
DA:101,0
DA:103,1
DA:104,1
DA:106,1
DA:108,1
DA:110,1
DA:113,0
DA:116,2
DA:119,0
DA:121,0
DA:124,0
DA:126,0
DA:127,0
DA:130,0
DA:132,0
DA:133,0
DA:136,0
DA:138,0
DA:143,0
DA:146,0
DA:147,0
DA:150,0
DA:151,0
DA:152,0
DA:155,0
DA:156,0
DA:157,0
DA:169,0
DA:171,0
DA:172,0
DA:173,0
DA:176,0
DA:178,0
DA:182,0
DA:184,0
DA:189,0
DA:192,0
DA:193,0
DA:196,0
DA:197,0
DA:198,0
DA:199,0
DA:200,0
DA:201,0
DA:202,0
DA:204,0
DA:207,0
DA:208,0
DA:209,0
DA:210,0
DA:211,0
DA:212,0
DA:213,0
DA:214,0
DA:229,0
DA:232,0
DA:234,0
DA:235,0
DA:236,0
DA:237,0
DA:238,0
DA:239,0
DA:240,0
DA:241,0
DA:244,0
DA:246,0
DA:250,0
DA:252,0
DA:257,0
DA:260,0
DA:261,0
DA:264,0
DA:265,0
DA:266,0
DA:269,0
DA:270,0
DA:271,0
DA:283,0
DA:285,0
DA:286,0
DA:287,0
DA:290,0
DA:292,0
DA:296,0
DA:298,0
DA:303,0
DA:306,0
DA:307,0
DA:310,0
DA:311,0
DA:312,0
DA:313,0
DA:314,0
DA:315,0
DA:317,0
DA:320,0
DA:321,0
DA:322,0
DA:323,0
DA:324,0
DA:325,0
DA:326,0
DA:339,0
DA:341,0
DA:343,0
DA:344,0
DA:345,0
DA:346,0
DA:347,0
DA:348,0
DA:349,0
DA:352,0
DA:354,0
DA:358,0
DA:360,0
LF:142
LH:22
BRDA:24,0,0,0
BRDA:30,0,0,1
BRDA:35,0,0,1
BRDA:43,0,0,0
BRDA:49,0,0,0
BRDA:55,0,0,1
BRDA:71,0,0,1
BRDA:83,0,0,1
BRDA:90,0,0,1
BRDA:94,0,0,1
BRDA:97,0,0,0
BRDA:103,0,0,1
BRDA:119,0,0,0
BRDA:124,0,0,0
BRDA:130,0,0,0
BRDA:136,0,0,0
BRDA:143,0,0,0
BRDA:150,0,0,0
BRDA:156,0,0,0
BRDA:169,0,0,0
BRDA:172,0,0,0
BRDA:176,0,0,0
BRDA:182,0,0,0
BRDA:189,0,0,0
BRDA:196,0,0,0
BRDA:208,0,0,0
BRDA:229,0,0,0
BRDA:234,0,0,0
BRDA:244,0,0,0
BRDA:250,0,0,0
BRDA:257,0,0,0
BRDA:264,0,0,0
BRDA:270,0,0,0
BRDA:283,0,0,0
BRDA:286,0,0,0
BRDA:290,0,0,0
BRDA:296,0,0,0
BRDA:303,0,0,0
BRDA:310,0,0,0
BRDA:321,0,0,0
BRDA:339,0,0,0
BRDA:343,0,0,0
BRDA:352,0,0,0
BRDA:358,0,0,0
end_of_record
SF:lib\database\database.dart
DA:17,0
DA:18,0
LF:2
LH:0
BRDA:17,0,0,0
end_of_record
SF:lib\database\entities.dart
DA:10,0
DA:23,0
DA:39,0
DA:51,0
LF:4
LH:0
BRDA:10,0,0,0
BRDA:23,0,0,0
BRDA:39,0,0,0
BRDA:51,0,0,0
end_of_record
SF:lib\main.dart
DA:9,0
DA:10,0
DA:11,0
DA:13,0
DA:19,0
DA:21,0
DA:23,0
DA:24,0
DA:25,0
DA:26,0
DA:27,0
DA:28,0
DA:31,0
DA:33,0
DA:41,0
DA:43,0
DA:44,0
DA:47,0
DA:48,0
DA:50,0
DA:51,0
LF:21
LH:0
BRDA:9,0,0,0
BRDA:19,0,0,0
BRDA:21,0,0,0
BRDA:24,0,0,0
end_of_record
SF:lib\models\mock_workout_plan.dart
DA:4,0
DA:6,0
DA:7,0
DA:12,0
DA:17,0
DA:22,0
DA:27,0
DA:32,0
DA:37,0
LF:9
LH:0
BRDA:4,0,0,0
end_of_record
SF:lib\models\models.dart
DA:8,1
DA:15,0
DA:17,0
DA:24,0
LF:4
LH:1
BRDA:8,0,0,1
BRDA:15,0,0,0
BRDA:17,0,0,0
BRDA:24,0,0,0
end_of_record
SF:lib\models\workout_plan.dart
DA:7,1
LF:1
LH:1
BRDA:7,0,0,1
end_of_record
SF:lib\pages\download_plan_page.dart
DA:14,0
DA:16,0
DA:17,0
DA:27,0
DA:29,0
DA:30,0
DA:33,0
DA:34,0
DA:36,0
DA:37,0
DA:38,0
DA:39,0
DA:43,0
DA:44,0
DA:45,0
DA:48,0
DA:49,0
DA:51,0
DA:52,0
DA:53,0
DA:54,0
DA:55,0
DA:57,0
DA:59,0
DA:60,0
DA:61,0
DA:66,0
DA:67,0
DA:71,0
DA:72,0
DA:76,0
DA:77,0
DA:80,0
DA:81,0
DA:86,0
DA:88,0
DA:90,0
DA:92,0
DA:99,0
DA:100,0
DA:101,0
DA:102,0
DA:103,0
DA:106,0
DA:110,0
DA:112,0
DA:113,0
DA:117,0
DA:119,0
DA:121,0
DA:122,0
DA:123,0
DA:124,0
DA:125,0
DA:132,0
DA:133,0
DA:137,0
DA:138,0
DA:149,0
DA:151,0
DA:152,0
DA:153,0
DA:158,0
DA:160,0
DA:161,0
DA:168,0
DA:170,0
DA:171,0
DA:172,0
DA:175,0
DA:176,0
DA:177,0
DA:184,0
DA:185,0
DA:186,0
DA:187,0
DA:188,0
DA:190,0
DA:191,0
DA:192,0
DA:194,0
DA:195,0
DA:196,0
DA:197,0
DA:198,0
DA:201,0
DA:206,0
DA:207,0
LF:88
LH:0
BRDA:14,0,0,0
BRDA:16,0,0,0
BRDA:27,0,0,0
BRDA:33,0,0,0
BRDA:36,0,0,0
BRDA:49,0,0,0
BRDA:59,0,0,0
BRDA:66,0,0,0
BRDA:71,0,0,0
BRDA:76,0,0,0
BRDA:80,0,0,0
BRDA:86,0,0,0
BRDA:99,0,0,0
BRDA:110,0,0,0
BRDA:132,0,0,0
BRDA:184,0,0,0
BRDA:196,0,0,0
BRDA:197,0,0,0
end_of_record
SF:lib\pages\workout_details.dart
DA:8,0
DA:10,0
DA:12,0
DA:14,0
DA:15,0
DA:16,0
DA:19,0
DA:20,0
DA:21,0
DA:22,0
DA:23,0
DA:25,0
DA:26,0
DA:27,0
DA:28,0
DA:29,0
DA:31,0
LF:17
LH:0
BRDA:8,0,0,0
BRDA:10,0,0,0
BRDA:21,0,0,0
end_of_record
SF:lib\pages\workout_history_page.dart
DA:12,2
DA:14,0
DA:15,0
DA:21,0
DA:22,0
DA:23,0
DA:25,0
DA:27,0
DA:28,0
DA:32,0
DA:33,0
DA:34,0
DA:37,0
DA:39,0
DA:42,0
DA:43,0
DA:44,0
DA:46,0
DA:48,0
DA:49,0
DA:50,0
DA:51,0
DA:53,0
DA:58,0
DA:59,0
DA:60,0
DA:62,0
DA:65,0
DA:66,0
DA:68,0
DA:69,0
DA:70,0
DA:72,0
DA:73,0
DA:92,0
DA:94,0
DA:95,0
DA:97,0
DA:98,0
DA:100,0
DA:101,0
DA:104,0
DA:105,0
DA:107,0
DA:108,0
DA:109,0
DA:110,0
DA:118,0
DA:119,0
DA:123,0
DA:124,0
DA:126,0
DA:127,0
DA:128,0
DA:129,0
DA:131,0
DA:132,0
DA:133,0
DA:135,0
DA:136,0
DA:139,0
DA:142,0
DA:144,0
DA:145,0
DA:149,0
DA:151,0
DA:152,0
DA:160,0
DA:162,0
DA:163,0
DA:164,0
DA:165,0
DA:166,0
DA:167,0
DA:168,0
DA:170,0
DA:172,0
DA:177,0
DA:178,0
DA:179,0
DA:180,0
DA:182,0
DA:183,0
DA:184,0
DA:188,0
DA:190,0
DA:192,0
DA:193,0
DA:195,0
DA:196,0
DA:197,0
DA:198,0
DA:200,0
DA:205,0
DA:206,0
DA:207,0
DA:208,0
DA:209,0
DA:210,0
DA:211,0
DA:213,0
DA:214,0
DA:215,0
DA:216,0
DA:218,0
DA:228,0
DA:229,0
DA:230,0
DA:233,0
DA:234,0
DA:235,0
DA:236,0
DA:237,0
DA:239,0
LF:114
LH:1
BRDA:12,0,0,0
BRDA:14,0,0,0
BRDA:21,0,0,0
BRDA:22,0,0,0
BRDA:49,0,0,0
BRDA:68,0,0,0
BRDA:73,0,0,0
BRDA:92,0,0,0
BRDA:104,0,0,0
BRDA:108,0,0,0
BRDA:119,0,0,0
BRDA:128,0,0,0
BRDA:163,0,0,0
BRDA:166,0,0,0
BRDA:179,0,0,0
BRDA:183,0,0,0
end_of_record
SF:lib\pages\workout_recording_page.dart
DA:11,1
DA:12,1
DA:14,1
DA:15,1
DA:21,1
DA:22,1
DA:23,1
DA:24,1
DA:25,1
DA:26,0
DA:27,1
DA:29,1
DA:30,1
DA:31,1
DA:32,0
DA:33,1
DA:35,1
DA:36,0
DA:37,1
DA:38,0
DA:39,1
DA:41,0
DA:42,0
DA:43,0
DA:44,0
DA:47,0
DA:48,0
DA:49,0
DA:54,0
DA:55,0
DA:56,0
DA:60,0
DA:61,0
DA:62,0
DA:63,0
DA:64,0
DA:66,0
DA:68,0
DA:71,0
DA:72,0
DA:75,1
DA:77,1
DA:78,1
DA:79,4
DA:81,1
DA:82,1
DA:83,1
DA:84,1
DA:86,4
DA:87,1
DA:88,4
DA:89,1
DA:91,1
DA:93,1
DA:95,1
DA:96,1
DA:97,1
DA:98,3
DA:100,1
DA:101,4
DA:102,3
DA:105,1
DA:113,1
DA:115,1
DA:117,1
DA:118,1
DA:121,7
DA:122,0
LF:68
LH:44
BRDA:11,0,0,1
BRDA:14,0,0,1
BRDA:21,0,0,1
BRDA:26,0,0,0
BRDA:32,0,0,0
BRDA:38,0,0,0
BRDA:43,0,0,0
BRDA:48,0,0,0
BRDA:54,0,0,0
BRDA:55,0,0,0
BRDA:60,0,0,0
BRDA:64,0,0,0
BRDA:75,0,0,1
BRDA:87,0,0,1
end_of_record
SF:lib\state\workout_state.dart
DA:14,1
DA:16,0
DA:17,0
DA:19,0
DA:20,0
DA:21,0
DA:23,0
DA:24,0
DA:25,0
DA:28,0
DA:31,0
DA:32,0
DA:33,0
DA:35,0
DA:36,0
DA:37,0
DA:40,0
DA:43,0
DA:45,0
DA:46,0
DA:49,0
DA:50,0
DA:51,0
DA:54,0
DA:57,0
DA:59,0
DA:60,0
DA:63,0
DA:64,0
DA:65,0
DA:68,0
DA:71,0
DA:72,0
DA:73,0
DA:74,0
DA:75,0
DA:76,0
DA:78,0
DA:83,0
DA:84,0
DA:85,0
DA:86,0
DA:87,0
DA:90,0
LF:44
LH:1
BRDA:14,0,0,1
BRDA:16,0,0,0
BRDA:17,0,0,0
BRDA:19,0,0,0
BRDA:31,0,0,0
BRDA:43,0,0,0
BRDA:57,0,0,0
BRDA:71,0,0,0
BRDA:73,0,0,0
BRDA:86,0,0,0
end_of_record
SF:lib\widgets\exercise_inputs.dart
DA:9,1
DA:13,1
DA:15,1
DA:16,1
DA:25,1
DA:27,1
DA:28,2
DA:31,1
DA:33,1
DA:34,1
DA:37,0
DA:38,0
DA:39,0
DA:40,0
DA:41,0
DA:42,0
DA:43,0
DA:45,0
DA:46,0
DA:48,0
DA:49,0
DA:54,0
DA:58,1
DA:60,1
DA:61,1
DA:62,1
DA:63,1
DA:64,0
DA:65,2
DA:69,1
DA:70,1
DA:71,2
DA:72,2
DA:83,1
DA:87,1
DA:89,1
DA:90,1
DA:96,1
DA:98,1
DA:100,1
DA:101,1
DA:103,0
DA:104,0
DA:105,0
DA:106,0
DA:107,0
DA:113,1
DA:115,1
DA:116,2
DA:120,1
DA:122,0
DA:123,0
DA:124,0
DA:125,0
DA:139,1
DA:143,1
DA:145,1
DA:146,1
DA:152,1
DA:154,2
DA:155,1
DA:158,1
DA:160,1
DA:161,1
DA:163,1
DA:164,2
DA:166,1
DA:169,1
DA:170,1
DA:173,0
DA:174,0
DA:175,0
DA:185,0
DA:189,0
DA:191,0
DA:192,0
DA:198,0
DA:200,0
DA:201,0
DA:202,0
DA:203,0
DA:207,0
DA:209,0
DA:210,0
DA:213,0
DA:214,0
DA:215,0
DA:216,0
DA:232,0
DA:236,0
DA:238,0
DA:239,0
DA:245,0
DA:247,0
DA:248,0
DA:249,0
DA:250,0
DA:253,0
DA:254,0
DA:256,0
DA:257,0
DA:258,0
DA:259,0
DA:260,0
DA:261,0
DA:262,0
LF:106
LH:47
BRDA:9,0,0,1
BRDA:15,0,0,1
BRDA:25,0,0,1
BRDA:31,0,0,1
BRDA:37,0,0,0
BRDA:38,0,0,0
BRDA:48,0,0,0
BRDA:49,0,0,0
BRDA:58,0,0,1
BRDA:83,0,0,1
BRDA:89,0,0,1
BRDA:96,0,0,1
BRDA:103,0,0,0
BRDA:104,0,0,0
BRDA:122,0,0,0
BRDA:123,0,0,0
BRDA:139,0,0,1
BRDA:145,0,0,1
BRDA:152,0,0,1
BRDA:158,0,0,1
BRDA:173,0,0,0
BRDA:185,0,0,0
BRDA:191,0,0,0
BRDA:198,0,0,0
BRDA:213,0,0,0
BRDA:214,0,0,0
BRDA:232,0,0,0
BRDA:238,0,0,0
BRDA:245,0,0,0
BRDA:259,0,0,0
BRDA:260,0,0,0
end_of_record
SF:lib\widgets\recent_performance_widget.dart
DA:6,2
DA:8,0
DA:10,0
DA:11,0
DA:12,0
DA:13,0
DA:15,0
DA:16,0
DA:17,0
DA:18,0
DA:19,0
DA:22,0
DA:25,0
DA:27,0
DA:28,0
DA:29,0
DA:30,0
DA:31,0
DA:36,0
DA:38,0
DA:40,0
DA:41,0
DA:43,0
DA:48,0
DA:49,0
DA:50,0
DA:51,0
DA:52,0
DA:53,0
DA:54,0
DA:58,0
DA:60,0
DA:61,0
DA:62,0
DA:63,0
DA:64,0
DA:68,0
DA:70,0
DA:76,0
DA:77,0
DA:78,0
DA:81,0
DA:84,0
DA:85,0
DA:87,0
DA:88,0
LF:46
LH:1
BRDA:6,0,0,0
BRDA:8,0,0,0
BRDA:11,0,0,0
BRDA:15,0,0,0
end_of_record
